<?xml version="1.0" encoding="UTF-8"?>
<!-- Generated by org.testng.reporters.JUnitXMLReporter -->
<testsuite hostname="Olda-MacBook-Pro.local" name="Command line test" tests="4" failures="0" timestamp="15 Feb 2017 21:01:39 GMT" time="60.033" errors="0">
  <testcase name="testFindAllTrainersFacade" time="0.057" classname="cz.gacr.facade.EnterpriseFacadeTest"/>
  <testcase name="testGetTrainerByIdFacade" time="0.003" classname="cz.gacr.facade.EnterpriseFacadeTest"/>
  <testcase name="testFindAll" time="0.001" classname="cz.gacr.services.EnterpriseServiceTest"/>
  <testcase name="testFindById" time="0.0" classname="cz.gacr.services.EnterpriseServiceTest"/>
</testsuite> <!-- Command line test -->
