<?xml version="1.0" encoding="UTF-8"?>
<!-- Generated by org.testng.reporters.JUnitXMLReporter -->
<testsuite hostname="Olda-MacBook-Pro.local" name="Command line test" tests="3" failures="0" timestamp="15 Feb 2017 21:00:35 GMT" time="63.861" errors="0">
  <testcase name="testDelete" time="0.837" classname="cz.gacr.dao.EnterpriseDaoTest"/>
  <testcase name="testFindAll" time="0.424" classname="cz.gacr.dao.EnterpriseDaoTest"/>
  <testcase name="testSave" time="0.285" classname="cz.gacr.dao.EnterpriseDaoTest"/>
</testsuite> <!-- Command line test -->
